Using pre-set license
Built from '2021.3/staging' branch; Version is '2021.3.2f1 (d6360bedb9a0) revision 14038539'; Using compiler version '192829333'; Build Type 'Release'
OS: 'Windows 10  (10.0.19043) 64bit Professional' Language: 'en' Physical Memory: 16309 MB
BatchMode: 1, IsHumanControllingUs: 0, StartBugReporterOnCrash: 0, Is64bit: 1, IsPro: 1

COMMAND LINE ARGUMENTS:
C:\Program Files\Unity\Hub\Editor\2021.3.2f1\Editor\Unity.exe
-adb2
-batchMode
-noUpm
-name
AssetImportWorker0
-projectPath
C:/Users/acamp/Desktop/Alessio Repo/Thesis/Thesis/Thesis_prj
-logFile
Logs/AssetImportWorker0.log
-srvPort
61326
Successfully changed project path to: C:/Users/acamp/Desktop/Alessio Repo/Thesis/Thesis/Thesis_prj
C:/Users/acamp/Desktop/Alessio Repo/Thesis/Thesis/Thesis_prj
[UnityMemory] Configuration Parameters - Can be set up in boot.config
    "memorysetup-bucket-allocator-granularity=16"
    "memorysetup-bucket-allocator-bucket-count=8"
    "memorysetup-bucket-allocator-block-size=33554432"
    "memorysetup-bucket-allocator-block-count=8"
    "memorysetup-main-allocator-block-size=16777216"
    "memorysetup-thread-allocator-block-size=16777216"
    "memorysetup-gfx-main-allocator-block-size=16777216"
    "memorysetup-gfx-thread-allocator-block-size=16777216"
    "memorysetup-cache-allocator-block-size=4194304"
    "memorysetup-typetree-allocator-block-size=2097152"
    "memorysetup-profiler-bucket-allocator-granularity=16"
    "memorysetup-profiler-bucket-allocator-bucket-count=8"
    "memorysetup-profiler-bucket-allocator-block-size=33554432"
    "memorysetup-profiler-bucket-allocator-block-count=8"
    "memorysetup-profiler-allocator-block-size=16777216"
    "memorysetup-profiler-editor-allocator-block-size=1048576"
    "memorysetup-temp-allocator-size-main=16777216"
    "memorysetup-job-temp-allocator-block-size=2097152"
    "memorysetup-job-temp-allocator-block-size-background=1048576"
    "memorysetup-job-temp-allocator-reduction-small-platforms=262144"
    "memorysetup-temp-allocator-size-background-worker=32768"
    "memorysetup-temp-allocator-size-job-worker=262144"
    "memorysetup-temp-allocator-size-preload-manager=33554432"
    "memorysetup-temp-allocator-size-nav-mesh-worker=65536"
    "memorysetup-temp-allocator-size-audio-worker=65536"
    "memorysetup-temp-allocator-size-cloud-worker=32768"
    "memorysetup-temp-allocator-size-gi-baking-worker=262144"
    "memorysetup-temp-allocator-size-gfx=262144"
Refreshing native plugins compatible for Editor in 83.62 ms, found 3 plugins.
Preloading 0 native plugins for Editor in 0.00 ms.
Initialize engine version: 2021.3.2f1 (d6360bedb9a0)
[Subsystems] Discovering subsystems at path C:/Program Files/Unity/Hub/Editor/2021.3.2f1/Editor/Data/Resources/UnitySubsystems
[Subsystems] Discovering subsystems at path C:/Users/acamp/Desktop/Alessio Repo/Thesis/Thesis/Thesis_prj/Assets
GfxDevice: creating device client; threaded=0; jobified=0
Direct3D:
    Version:  Direct3D 11.0 [level 11.1]
    Renderer: NVIDIA GeForce GTX 1060 3GB (ID=0x1b84)
    Vendor:   NVIDIA
    VRAM:     2988 MB
    Driver:   27.21.14.5671
Initialize mono
Mono path[0] = 'C:/Program Files/Unity/Hub/Editor/2021.3.2f1/Editor/Data/Managed'
Mono path[1] = 'C:/Program Files/Unity/Hub/Editor/2021.3.2f1/Editor/Data/MonoBleedingEdge/lib/mono/unityjit-win32'
Mono config path = 'C:/Program Files/Unity/Hub/Editor/2021.3.2f1/Editor/Data/MonoBleedingEdge/etc'
Using monoOptions --debugger-agent=transport=dt_socket,embedding=1,server=y,suspend=n,address=127.0.0.1:56092
Begin MonoManager ReloadAssembly
Registering precompiled unity dll's ...
Register platform support module: C:/Program Files/Unity/Hub/Editor/2021.3.2f1/Editor/Data/PlaybackEngines/WindowsStandaloneSupport/UnityEditor.WindowsStandalone.Extensions.dll
Registered in 0.005906 seconds.
Native extension for WindowsStandalone target not found
Refreshing native plugins compatible for Editor in 74.10 ms, found 3 plugins.
Preloading 0 native plugins for Editor in 0.00 ms.
Mono: successfully reloaded assembly
- Completed reload, in  0.547 seconds
Domain Reload Profiling:
	ReloadAssembly (547ms)
		BeginReloadAssembly (69ms)
			ExecutionOrderSort (0ms)
			DisableScriptedObjects (0ms)
			BackupInstance (0ms)
			ReleaseScriptingObjects (0ms)
			CreateAndSetChildDomain (1ms)
		EndReloadAssembly (384ms)
			LoadAssemblies (67ms)
			RebuildTransferFunctionScriptingTraits (0ms)
			SetupTypeCache (86ms)
			ReleaseScriptCaches (0ms)
			RebuildScriptCaches (23ms)
			SetupLoadedEditorAssemblies (233ms)
				LogAssemblyErrors (0ms)
				InitializePlatformSupportModulesInManaged (7ms)
				SetLoadedEditorAssemblies (0ms)
				RefreshPlugins (74ms)
				BeforeProcessingInitializeOnLoad (1ms)
				ProcessInitializeOnLoadAttributes (114ms)
				ProcessInitializeOnLoadMethodAttributes (36ms)
				AfterProcessingInitializeOnLoad (0ms)
				EditorAssembliesLoaded (0ms)
			ExecutionOrderSort2 (0ms)
			AwakeInstancesAfterBackupRestoration (0ms)
Platform modules already initialized, skipping
Registering precompiled user dll's ...
Registered in 0.004764 seconds.
Begin MonoManager ReloadAssembly
Symbol file LoadedFromMemory doesn't match image C:\Users\acamp\Desktop\Alessio Repo\Thesis\Thesis\Thesis_prj\Library\PackageCache\com.unity.visualscripting@1.7.6\Editor\VisualScripting.Core\Dependencies\YamlDotNet\Unity.VisualScripting.YamlDotNet.dll
Symbol file LoadedFromMemory doesn't match image C:\Users\acamp\Desktop\Alessio Repo\Thesis\Thesis\Thesis_prj\Library\PackageCache\com.unity.visualscripting@1.7.6\Editor\VisualScripting.Core\Dependencies\DotNetZip\Unity.VisualScripting.IonicZip.dll
Native extension for WindowsStandalone target not found
Refreshing native plugins compatible for Editor in 0.49 ms, found 3 plugins.
Preloading 0 native plugins for Editor in 0.00 ms.
Mono: successfully reloaded assembly
- Completed reload, in  0.902 seconds
Domain Reload Profiling:
	ReloadAssembly (902ms)
		BeginReloadAssembly (103ms)
			ExecutionOrderSort (0ms)
			DisableScriptedObjects (5ms)
			BackupInstance (0ms)
			ReleaseScriptingObjects (0ms)
			CreateAndSetChildDomain (18ms)
		EndReloadAssembly (699ms)
			LoadAssemblies (82ms)
			RebuildTransferFunctionScriptingTraits (0ms)
			SetupTypeCache (225ms)
			ReleaseScriptCaches (1ms)
			RebuildScriptCaches (44ms)
			SetupLoadedEditorAssemblies (321ms)
				LogAssemblyErrors (0ms)
				InitializePlatformSupportModulesInManaged (5ms)
				SetLoadedEditorAssemblies (0ms)
				RefreshPlugins (1ms)
				BeforeProcessingInitializeOnLoad (84ms)
				ProcessInitializeOnLoadAttributes (199ms)
				ProcessInitializeOnLoadMethodAttributes (24ms)
				AfterProcessingInitializeOnLoad (8ms)
				EditorAssembliesLoaded (0ms)
			ExecutionOrderSort2 (0ms)
			AwakeInstancesAfterBackupRestoration (6ms)
Platform modules already initialized, skipping
========================================================================
Worker process is ready to serve import requests
Launched and connected shader compiler UnityShaderCompiler.exe after 0.05 seconds
Refreshing native plugins compatible for Editor in 1.11 ms, found 3 plugins.
Preloading 0 native plugins for Editor in 0.00 ms.
Unloading 3360 Unused Serialized files (Serialized files now loaded: 0)
Unloading 26 unused Assets / (112.4 KB). Loaded Objects now: 3817.
Memory consumption went from 115.8 MB to 115.7 MB.
Total: 3.924800 ms (FindLiveObjects: 0.390300 ms CreateObjectMapping: 0.104000 ms MarkObjects: 3.326800 ms  DeleteObjects: 0.101800 ms)

AssetImportParameters requested are different than current active one (requested -> active):
  custom:video-decoder-ogg-theora: a1e56fd34408186e4bbccfd4996cb3dc -> 
  custom:container-muxer-webm: aa71ff27fc2769a1b78a27578f13a17b -> 
  custom:container-demuxer-webm: 4f35f7cbe854078d1ac9338744f61a02 -> 
  custom:video-encoder-webm-vp8: eb34c28f22e8b96e1ab97ce403110664 -> 
  custom:audio-encoder-webm-vorbis: bf7c407c2cedff20999df2af8eb42d56 -> 
  custom:framework-win-MediaFoundation: 216162199b28c13a410421893ffa2e32 -> 
  custom:container-demuxer-ogg: 62fdf1f143b41e24485cea50d1cbac27 -> 
  custom:video-decoder-webm-vp8: 9c59270c3fd7afecdb556c50c9e8de78 -> 
  custom:audio-decoder-ogg-vorbis: bf7c407c2cedff20999df2af8eb42d56 -> 
========================================================================
Received Import Request.
  Time since last request: 161072.979326 seconds.
  path: Assets/Scenes
  artifactKey: Guid(6ea315d0fd7389c41b19996891e99ae3) Importer(815301076,1909f56bfc062723c751e8b465ee728b)
Start importing Assets/Scenes using Guid(6ea315d0fd7389c41b19996891e99ae3) Importer(815301076,1909f56bfc062723c751e8b465ee728b)  -> (artifact id: 'b8193726cff86800c54781cdc6d54904') in 0.007194 seconds 
========================================================================
Received Import Request.
  Time since last request: 100.512371 seconds.
  path: Assets
  artifactKey: Guid(00000000000000001000000000000000) Importer(815301076,1909f56bfc062723c751e8b465ee728b)
Start importing Assets using Guid(00000000000000001000000000000000) Importer(815301076,1909f56bfc062723c751e8b465ee728b)  -> (artifact id: '79842766b460edbeab6a34051e857a80') in 0.001450 seconds 
========================================================================
Received Import Request.
  Time since last request: 7.213807 seconds.
  path: Assets/Textures
  artifactKey: Guid(57e96b3ad7459de4788351407f9a1489) Importer(815301076,1909f56bfc062723c751e8b465ee728b)
Start importing Assets/Textures using Guid(57e96b3ad7459de4788351407f9a1489) Importer(815301076,1909f56bfc062723c751e8b465ee728b)  -> (artifact id: 'bbff09ad7db3cb6e566b026800517402') in 0.001742 seconds 
========================================================================
Received Import Request.
  Time since last request: 29.210605 seconds.
  path: Assets/Textures/Floor001.png
  artifactKey: Guid(58d1bf06df44b2147821866fb882da15) Importer(815301076,1909f56bfc062723c751e8b465ee728b)
Start importing Assets/Textures/Floor001.png using Guid(58d1bf06df44b2147821866fb882da15) Importer(815301076,1909f56bfc062723c751e8b465ee728b)  -> (artifact id: '1e3ed753a0f82aeee4c5e43368b78f3d') in 0.117172 seconds 
========================================================================
Received Import Request.
  Time since last request: 241.462478 seconds.
  path: Assets/Textures/Floor001.png
  artifactKey: Guid(58d1bf06df44b2147821866fb882da15) Importer(815301076,1909f56bfc062723c751e8b465ee728b)
Start importing Assets/Textures/Floor001.png using Guid(58d1bf06df44b2147821866fb882da15) Importer(815301076,1909f56bfc062723c751e8b465ee728b)  -> (artifact id: '75146fbb81ed174033d5ca07b8384c34') in 0.027915 seconds 
========================================================================
Received Import Request.
  Time since last request: 16.633160 seconds.
  path: Assets/Textures/Floor001.png
  artifactKey: Guid(58d1bf06df44b2147821866fb882da15) Importer(815301076,1909f56bfc062723c751e8b465ee728b)
Start importing Assets/Textures/Floor001.png using Guid(58d1bf06df44b2147821866fb882da15) Importer(815301076,1909f56bfc062723c751e8b465ee728b)  -> (artifact id: '9158446fe5da7b6aee7d66ce199fc7c3') in 0.024000 seconds 
========================================================================
Received Import Request.
  Time since last request: 66.353341 seconds.
  path: Assets/Textures/Floor001 1.png
  artifactKey: Guid(29b3c854a565d1647994f7bbc0055369) Importer(815301076,1909f56bfc062723c751e8b465ee728b)
Start importing Assets/Textures/Floor001 1.png using Guid(29b3c854a565d1647994f7bbc0055369) Importer(815301076,1909f56bfc062723c751e8b465ee728b)  -> (artifact id: '1356416ee65aebe56d7dd17f81d8dc21') in 0.012549 seconds 
========================================================================
Received Import Request.
  Time since last request: 19.855790 seconds.
  path: Assets/Textures/Floor001N.png
  artifactKey: Guid(29b3c854a565d1647994f7bbc0055369) Importer(815301076,1909f56bfc062723c751e8b465ee728b)
Start importing Assets/Textures/Floor001N.png using Guid(29b3c854a565d1647994f7bbc0055369) Importer(815301076,1909f56bfc062723c751e8b465ee728b)  -> (artifact id: '030bf380ca8dfadf8c1ef99cc297bc2c') in 0.012258 seconds 
========================================================================
Received Import Request.
  Time since last request: 21.853051 seconds.
  path: Assets/Textures/Floor001N.png
  artifactKey: Guid(29b3c854a565d1647994f7bbc0055369) Importer(815301076,1909f56bfc062723c751e8b465ee728b)
Start importing Assets/Textures/Floor001N.png using Guid(29b3c854a565d1647994f7bbc0055369) Importer(815301076,1909f56bfc062723c751e8b465ee728b)  -> (artifact id: '8ee46d5b1e63c164a45cba8673b209a0') in 0.052537 seconds 
========================================================================
Received Import Request.
  Time since last request: 886.379429 seconds.
  path: Assets/Wall_001.mat
  artifactKey: Guid(476541fc32e4e6e48aed4419a20dec6f) Importer(815301076,1909f56bfc062723c751e8b465ee728b)
Start importing Assets/Wall_001.mat using Guid(476541fc32e4e6e48aed4419a20dec6f) Importer(815301076,1909f56bfc062723c751e8b465ee728b)  -> (artifact id: 'bbe1e8c6d4c404e282740eaafcfdc246') in 0.127360 seconds 
========================================================================
Received Import Request.
  Time since last request: 11.298847 seconds.
  path: Assets/Material
  artifactKey: Guid(f6bab4e440f755e4685d51337520d973) Importer(815301076,1909f56bfc062723c751e8b465ee728b)
Start importing Assets/Material using Guid(f6bab4e440f755e4685d51337520d973) Importer(815301076,1909f56bfc062723c751e8b465ee728b)  -> (artifact id: '02248dd24203b8d8af11a84fd822a90c') in 0.003600 seconds 
========================================================================
Received Import Request.
  Time since last request: 182.272839 seconds.
  path: Assets/Textures/Wall001 1.png
  artifactKey: Guid(3aa7ca7e8b7dc964f8d900fccb565ccd) Importer(815301076,1909f56bfc062723c751e8b465ee728b)
Start importing Assets/Textures/Wall001 1.png using Guid(3aa7ca7e8b7dc964f8d900fccb565ccd) Importer(815301076,1909f56bfc062723c751e8b465ee728b)  -> (artifact id: '6c61fad153923f381b49735d8c6c25d9') in 0.010114 seconds 
========================================================================
Received Import Request.
  Time since last request: 11.010645 seconds.
  path: Assets/Textures/Wall001 1.png
  artifactKey: Guid(3aa7ca7e8b7dc964f8d900fccb565ccd) Importer(815301076,1909f56bfc062723c751e8b465ee728b)
Start importing Assets/Textures/Wall001 1.png using Guid(3aa7ca7e8b7dc964f8d900fccb565ccd) Importer(815301076,1909f56bfc062723c751e8b465ee728b)  -> (artifact id: '64eafdd1d87d787740017197d5e2f8b6') in 0.009499 seconds 
========================================================================
Received Import Request.
  Time since last request: 712.604950 seconds.
  path: Assets/Materials
  artifactKey: Guid(64332ac89e6a64e419ff5bcd6c7ef0d4) Importer(815301076,1909f56bfc062723c751e8b465ee728b)
Start importing Assets/Materials using Guid(64332ac89e6a64e419ff5bcd6c7ef0d4) Importer(815301076,1909f56bfc062723c751e8b465ee728b)  -> (artifact id: 'b13a2f20f364735f985fa9b44749c819') in 0.001408 seconds 
========================================================================
Received Import Request.
  Time since last request: 0.059907 seconds.
  path: Assets/Materials/Floor001.mat
  artifactKey: Guid(f174d1e08ca5a5b4abe9c28f663d5ffa) Importer(815301076,1909f56bfc062723c751e8b465ee728b)
Start importing Assets/Materials/Floor001.mat using Guid(f174d1e08ca5a5b4abe9c28f663d5ffa) Importer(815301076,1909f56bfc062723c751e8b465ee728b)  -> (artifact id: '55d55a7305b552d77cff5ca20e5db3e9') in 0.172702 seconds 
========================================================================
Received Import Request.
  Time since last request: 189.595701 seconds.
  path: Assets/prefab
  artifactKey: Guid(2f2b455e551919a49a25cdef3926d6d6) Importer(815301076,1909f56bfc062723c751e8b465ee728b)
Start importing Assets/prefab using Guid(2f2b455e551919a49a25cdef3926d6d6) Importer(815301076,1909f56bfc062723c751e8b465ee728b)  -> (artifact id: 'de1f1ce206f33d7f27ac7bbbaca6f540') in 0.004117 seconds 
========================================================================
Received Import Request.
  Time since last request: 3.585713 seconds.
  path: Assets/prefab/floor.prefab
  artifactKey: Guid(cbf333413a5e3414ea2555f8d2d91b2b) Importer(815301076,1909f56bfc062723c751e8b465ee728b)
Start importing Assets/prefab/floor.prefab using Guid(cbf333413a5e3414ea2555f8d2d91b2b) Importer(815301076,1909f56bfc062723c751e8b465ee728b)  -> (artifact id: '9bbc3cbd14b1cc8624d4ac99bb9695ab') in 0.028629 seconds 
========================================================================
Received Import Request.
  Time since last request: 5.726691 seconds.
  path: Assets/prefab/wall_2 (1).prefab
  artifactKey: Guid(eab814bf04828114596901177468c80f) Importer(815301076,1909f56bfc062723c751e8b465ee728b)
Start importing Assets/prefab/wall_2 (1).prefab using Guid(eab814bf04828114596901177468c80f) Importer(815301076,1909f56bfc062723c751e8b465ee728b)  -> (artifact id: '4a5ee32a3fc843b186fb811f7d48f391') in 0.012693 seconds 
========================================================================
Received Import Request.
  Time since last request: 31.267531 seconds.
  path: Assets/prefab/wall001.prefab
  artifactKey: Guid(eab814bf04828114596901177468c80f) Importer(815301076,1909f56bfc062723c751e8b465ee728b)
Start importing Assets/prefab/wall001.prefab using Guid(eab814bf04828114596901177468c80f) Importer(815301076,1909f56bfc062723c751e8b465ee728b)  -> (artifact id: '83a03f6b9829b05942c2d22ee7ce5c66') in 0.010824 seconds 
========================================================================
Received Import Request.
  Time since last request: 8.465502 seconds.
  path: Assets/prefab/floor001.prefab
  artifactKey: Guid(cbf333413a5e3414ea2555f8d2d91b2b) Importer(815301076,1909f56bfc062723c751e8b465ee728b)
Start importing Assets/prefab/floor001.prefab using Guid(cbf333413a5e3414ea2555f8d2d91b2b) Importer(815301076,1909f56bfc062723c751e8b465ee728b)  -> (artifact id: '39d774bfd59ac53c0d9376d870ed010e') in 0.012241 seconds 
========================================================================
Received Import Request.
  Time since last request: 367.354463 seconds.
  path: Assets/prefab/wall001.prefab
  artifactKey: Guid(eab814bf04828114596901177468c80f) Importer(815301076,1909f56bfc062723c751e8b465ee728b)
Start importing Assets/prefab/wall001.prefab using Guid(eab814bf04828114596901177468c80f) Importer(815301076,1909f56bfc062723c751e8b465ee728b)  -> (artifact id: '9950c417572f01eb543e8adb813f13bb') in 0.011156 seconds 
========================================================================
Received Import Request.
  Time since last request: 210.012294 seconds.
  path: Assets/prefab/wall001.prefab
  artifactKey: Guid(eab814bf04828114596901177468c80f) Importer(815301076,1909f56bfc062723c751e8b465ee728b)
Start importing Assets/prefab/wall001.prefab using Guid(eab814bf04828114596901177468c80f) Importer(815301076,1909f56bfc062723c751e8b465ee728b)  -> (artifact id: '4af3bc84888d2edb288d6eb934a65f4a') in 0.118772 seconds 
========================================================================
Received Import Request.
  Time since last request: 104.832726 seconds.
  path: Assets/prefab/New Lighting Settings.lighting
  artifactKey: Guid(80e1ca4129279594583906a088b30382) Importer(815301076,1909f56bfc062723c751e8b465ee728b)
Start importing Assets/prefab/New Lighting Settings.lighting using Guid(80e1ca4129279594583906a088b30382) Importer(815301076,1909f56bfc062723c751e8b465ee728b)  -> (artifact id: 'dff3f91c388ae328b3edb31ef381d17a') in 0.005566 seconds 
========================================================================
Received Import Request.
  Time since last request: 140.524226 seconds.
  path: Assets/Materials/Wall001.mat
  artifactKey: Guid(dc81cd977d0067b458896c387d15bcbd) Importer(815301076,1909f56bfc062723c751e8b465ee728b)
Start importing Assets/Materials/Wall001.mat using Guid(dc81cd977d0067b458896c387d15bcbd) Importer(815301076,1909f56bfc062723c751e8b465ee728b)  -> (artifact id: '150e2ba5a2f7a84c1b6ac8750678aec2') in 0.008915 seconds 
========================================================================
Received Import Request.
  Time since last request: 205.991181 seconds.
  path: Assets/prefab/lamp.prefab
  artifactKey: Guid(f44194d32c174a64d818aa38d38455b5) Importer(815301076,1909f56bfc062723c751e8b465ee728b)
Start importing Assets/prefab/lamp.prefab using Guid(f44194d32c174a64d818aa38d38455b5) Importer(815301076,1909f56bfc062723c751e8b465ee728b)  -> (artifact id: '4cfacee6602271879b5d35a9c6c8d915') in 0.006838 seconds 
========================================================================
Received Prepare
Registering precompiled user dll's ...
Registered in 0.004985 seconds.
Begin MonoManager ReloadAssembly
Symbol file LoadedFromMemory doesn't match image C:\Users\acamp\Desktop\Alessio Repo\Thesis\Thesis\Thesis_prj\Library\PackageCache\com.unity.visualscripting@1.7.6\Editor\VisualScripting.Core\Dependencies\YamlDotNet\Unity.VisualScripting.YamlDotNet.dll
Symbol file LoadedFromMemory doesn't match image C:\Users\acamp\Desktop\Alessio Repo\Thesis\Thesis\Thesis_prj\Library\PackageCache\com.unity.visualscripting@1.7.6\Editor\VisualScripting.Core\Dependencies\DotNetZip\Unity.VisualScripting.IonicZip.dll
Native extension for WindowsStandalone target not found
Refreshing native plugins compatible for Editor in 0.56 ms, found 3 plugins.
Preloading 0 native plugins for Editor in 0.00 ms.
Mono: successfully reloaded assembly
- Completed reload, in  0.875 seconds
Domain Reload Profiling:
	ReloadAssembly (876ms)
		BeginReloadAssembly (135ms)
			ExecutionOrderSort (0ms)
			DisableScriptedObjects (3ms)
			BackupInstance (0ms)
			ReleaseScriptingObjects (0ms)
			CreateAndSetChildDomain (37ms)
		EndReloadAssembly (654ms)
			LoadAssemblies (80ms)
			RebuildTransferFunctionScriptingTraits (0ms)
			SetupTypeCache (228ms)
			ReleaseScriptCaches (1ms)
			RebuildScriptCaches (34ms)
			SetupLoadedEditorAssemblies (293ms)
				LogAssemblyErrors (0ms)
				InitializePlatformSupportModulesInManaged (10ms)
				SetLoadedEditorAssemblies (0ms)
				RefreshPlugins (1ms)
				BeforeProcessingInitializeOnLoad (64ms)
				ProcessInitializeOnLoadAttributes (186ms)
				ProcessInitializeOnLoadMethodAttributes (26ms)
				AfterProcessingInitializeOnLoad (7ms)
				EditorAssembliesLoaded (0ms)
			ExecutionOrderSort2 (0ms)
			AwakeInstancesAfterBackupRestoration (5ms)
Platform modules already initialized, skipping
Refreshing native plugins compatible for Editor in 2.09 ms, found 3 plugins.
Preloading 0 native plugins for Editor in 0.00 ms.
Unloading 3355 Unused Serialized files (Serialized files now loaded: 0)
Unloading 19 unused Assets / (79.3 KB). Loaded Objects now: 3865.
Memory consumption went from 120.4 MB to 120.3 MB.
Total: 3.195300 ms (FindLiveObjects: 0.320200 ms CreateObjectMapping: 0.090800 ms MarkObjects: 2.691900 ms  DeleteObjects: 0.091000 ms)

AssetImportParameters requested are different than current active one (requested -> active):
  custom:video-decoder-ogg-theora: a1e56fd34408186e4bbccfd4996cb3dc -> 
  custom:container-muxer-webm: aa71ff27fc2769a1b78a27578f13a17b -> 
  custom:container-demuxer-webm: 4f35f7cbe854078d1ac9338744f61a02 -> 
  custom:video-encoder-webm-vp8: eb34c28f22e8b96e1ab97ce403110664 -> 
  custom:audio-encoder-webm-vorbis: bf7c407c2cedff20999df2af8eb42d56 -> 
  custom:framework-win-MediaFoundation: 216162199b28c13a410421893ffa2e32 -> 
  custom:container-demuxer-ogg: 62fdf1f143b41e24485cea50d1cbac27 -> 
  custom:video-decoder-webm-vp8: 9c59270c3fd7afecdb556c50c9e8de78 -> 
  custom:audio-decoder-ogg-vorbis: bf7c407c2cedff20999df2af8eb42d56 -> 
========================================================================
Received Import Request.
  Time since last request: 419.193964 seconds.
  path: Assets/prefab/floor001.prefab
  artifactKey: Guid(cbf333413a5e3414ea2555f8d2d91b2b) Importer(815301076,1909f56bfc062723c751e8b465ee728b)
Start importing Assets/prefab/floor001.prefab using Guid(cbf333413a5e3414ea2555f8d2d91b2b) Importer(815301076,1909f56bfc062723c751e8b465ee728b)  -> (artifact id: '6e59c3cb4bdbecb74803ab507be8da12') in 0.075070 seconds 
